# JRE version: OpenJDK Runtime Environment Temurin-21.0.11+10 (21.0.11+10) (build 21.0.11+10-LTS)
# Java VM: OpenJDK 64-Bit Server VM Temurin-21.0.11+10 (21.0.11+10-LTS, mixed mode, sharing, tiered, compressed oops, compressed class ptrs, parallel gc, windows-amd64)
GC Precious Log:
 CardTable entry size: 512
 CPUs: 12 total, 12 available
 Memory: 7521M
 Large Page Support: Disabled
 NUMA Support: Disabled
 Compressed Oops: Enabled (32-bit)
 Alignments: Space 512K, Generation 512K, Heap 2M
 Heap Min Capacity: 100M
 Heap Initial Capacity: 100M
 Heap Max Capacity: 2G
 Pre-touch: Disabled
 Parallel Workers: 10
Heap:
 PSYoungGen      total 3584K, used 3423K [0x00000000d5580000, 0x00000000d5980000, 0x0000000100000000)
  eden space 3072K, 99% used [0x00000000d5580000,0x00000000d587ffb0,0x00000000d5880000)
  from space 512K, 68% used [0x00000000d5900000,0x00000000d5958000,0x00000000d5980000)
  to   space 512K, 50% used [0x00000000d5880000,0x00000000d58c0000,0x00000000d5900000)
 ParOldGen       total 594944K, used 594761K [0x0000000080000000, 0x00000000a4500000, 0x00000000d5580000)
  object space 594944K, 99% used [0x0000000080000000,0x00000000a44d2560,0x00000000a4500000)
 Metaspace       used 73498K, committed 75072K, reserved 1179648K
  class space    used 9141K, committed 9920K, reserved 1048576K
GC Heap History (20 events):
Event: 123.331 GC heap after
{Heap after GC invocations=1005 (full 3):
 PSYoungGen      total 3072K, used 384K [0x00000000d5580000, 0x00000000d5980000, 0x0000000100000000)
  eden space 2560K, 0% used [0x00000000d5580000,0x00000000d5580000,0x00000000d5800000)
  from space 512K, 75% used [0x00000000d5900000,0x00000000d5960000,0x00000000d5980000)
  to   space 512K, 0% used [0x00000000d5880000,0x00000000d5880000,0x00000000d5900000)
 ParOldGen       total 589312K, used 589048K [0x0000000080000000, 0x00000000a3f80000, 0x00000000d5580000)
  object space 589312K, 99% used [0x0000000080000000,0x00000000a3f3e270,0x00000000a3f80000)
 Metaspace       used 73317K, committed 74944K, reserved 1114112K
  class space    used 9122K, committed 9920K, reserved 1048576K
}
Event: 123.376 GC heap before
{Heap before GC invocations=1006 (full 3):
 PSYoungGen      total 3072K, used 2319K [0x00000000d5580000, 0x00000000d5980000, 0x0000000100000000)
  eden space 2560K, 75% used [0x00000000d5580000,0x00000000d5763fb0,0x00000000d5800000)
  from space 512K, 75% used [0x00000000d5900000,0x00000000d5960000,0x00000000d5980000)
  to   space 512K, 0% used [0x00000000d5880000,0x00000000d5880000,0x00000000d5900000)
 ParOldGen       total 589312K, used 589048K [0x0000000080000000, 0x00000000a3f80000, 0x00000000d5580000)
  object space 589312K, 99% used [0x0000000080000000,0x00000000a3f3e270,0x00000000a3f80000)
 Metaspace       used 73465K, committed 75072K, reserved 1179648K
  class space    used 9137K, committed 9920K, reserved 1048576K
}
Event: 123.380 GC heap after
{Heap after GC invocations=1006 (full 3):
 PSYoungGen      total 3072K, used 320K [0x00000000d5580000, 0x00000000d5980000, 0x0000000100000000)
  eden space 2560K, 0% used [0x00000000d5580000,0x00000000d5580000,0x00000000d5800000)
  from space 512K, 62% used [0x00000000d5880000,0x00000000d58d0000,0x00000000d5900000)
  to   space 512K, 0% used [0x00000000d5900000,0x00000000d5900000,0x00000000d5980000)
 ParOldGen       total 589312K, used 589304K [0x0000000080000000, 0x00000000a3f80000, 0x00000000d5580000)
  object space 589312K, 99% used [0x0000000080000000,0x00000000a3f7e270,0x00000000a3f80000)
 Metaspace       used 73465K, committed 75072K, reserved 1179648K
  class space    used 9137K, committed 9920K, reserved 1048576K
}
Event: 123.410 GC heap before
{Heap before GC invocations=1007 (full 3):
 PSYoungGen      total 3072K, used 2041K [0x00000000d5580000, 0x00000000d5980000, 0x0000000100000000)
  eden space 2560K, 67% used [0x00000000d5580000,0x00000000d572e4b8,0x00000000d5800000)
  from space 512K, 62% used [0x00000000d5880000,0x00000000d58d0000,0x00000000d5900000)
  to   space 512K, 0% used [0x00000000d5900000,0x00000000d5900000,0x00000000d5980000)
 ParOldGen       total 589312K, used 589304K [0x0000000080000000, 0x00000000a3f80000, 0x00000000d5580000)
  object space 589312K, 99% used [0x0000000080000000,0x00000000a3f7e270,0x00000000a3f80000)
 Metaspace       used 73479K, committed 75072K, reserved 1179648K
  class space    used 9140K, committed 9920K, reserved 1048576K
}
Event: 123.413 GC heap after
{Heap after GC invocations=1007 (full 3):
 PSYoungGen      total 3072K, used 352K [0x00000000d5580000, 0x00000000d5980000, 0x0000000100000000)
  eden space 2560K, 0% used [0x00000000d5580000,0x00000000d5580000,0x00000000d5800000)
  from space 512K, 68% used [0x00000000d5900000,0x00000000d5958000,0x00000000d5980000)
  to   space 512K, 0% used [0x00000000d5880000,0x00000000d5880000,0x00000000d5900000)
 ParOldGen       total 590848K, used 590253K [0x0000000080000000, 0x00000000a4100000, 0x00000000d5580000)
  object space 590848K, 99% used [0x0000000080000000,0x00000000a406b780,0x00000000a4100000)
 Metaspace       used 73479K, committed 75072K, reserved 1179648K
  class space    used 9140K, committed 9920K, reserved 1048576K
}
Event: 123.444 GC heap before
{Heap before GC invocations=1008 (full 3):
 PSYoungGen      total 3072K, used 2079K [0x00000000d5580000, 0x00000000d5980000, 0x0000000100000000)
  eden space 2560K, 67% used [0x00000000d5580000,0x00000000d572fe78,0x00000000d5800000)
  from space 512K, 68% used [0x00000000d5900000,0x00000000d5958000,0x00000000d5980000)
  to   space 512K, 0% used [0x00000000d5880000,0x00000000d5880000,0x00000000d5900000)
 ParOldGen       total 590848K, used 590253K [0x0000000080000000, 0x00000000a4100000, 0x00000000d5580000)
  object space 590848K, 99% used [0x0000000080000000,0x00000000a406b780,0x00000000a4100000)
 Metaspace       used 73479K, committed 75072K, reserved 1179648K
  class space    used 9140K, committed 9920K, reserved 1048576K
}
Event: 123.447 GC heap after
{Heap after GC invocations=1008 (full 3):
 PSYoungGen      total 3072K, used 192K [0x00000000d5580000, 0x00000000d5980000, 0x0000000100000000)
  eden space 2560K, 0% used [0x00000000d5580000,0x00000000d5580000,0x00000000d5800000)
  from space 512K, 37% used [0x00000000d5880000,0x00000000d58b0000,0x00000000d5900000)
  to   space 512K, 0% used [0x00000000d5900000,0x00000000d5900000,0x00000000d5980000)
 ParOldGen       total 590848K, used 590447K [0x0000000080000000, 0x00000000a4100000, 0x00000000d5580000)
  object space 590848K, 99% used [0x0000000080000000,0x00000000a409be78,0x00000000a4100000)
 Metaspace       used 73479K, committed 75072K, reserved 1179648K
  class space    used 9140K, committed 9920K, reserved 1048576K
}
Event: 123.481 GC heap before
{Heap before GC invocations=1009 (full 3):
 PSYoungGen      total 3072K, used 2752K [0x00000000d5580000, 0x00000000d5980000, 0x0000000100000000)
  eden space 2560K, 100% used [0x00000000d5580000,0x00000000d5800000,0x00000000d5800000)
  from space 512K, 37% used [0x00000000d5880000,0x00000000d58b0000,0x00000000d5900000)
  to   space 512K, 0% used [0x00000000d5900000,0x00000000d5900000,0x00000000d5980000)
 ParOldGen       total 590848K, used 590447K [0x0000000080000000, 0x00000000a4100000, 0x00000000d5580000)
  object space 590848K, 99% used [0x0000000080000000,0x00000000a409be78,0x00000000a4100000)
 Metaspace       used 73488K, committed 75072K, reserved 1179648K
  class space    used 9141K, committed 9920K, reserved 1048576K
}
Event: 123.483 GC heap after
{Heap after GC invocations=1009 (full 3):
 PSYoungGen      total 3072K, used 411K [0x00000000d5580000, 0x00000000d5980000, 0x0000000100000000)
  eden space 2560K, 0% used [0x00000000d5580000,0x00000000d5580000,0x00000000d5800000)
  from space 512K, 80% used [0x00000000d5900000,0x00000000d5966f90,0x00000000d5980000)
  to   space 512K, 0% used [0x00000000d5880000,0x00000000d5880000,0x00000000d5900000)
 ParOldGen       total 590848K, used 590511K [0x0000000080000000, 0x00000000a4100000, 0x00000000d5580000)
  object space 590848K, 99% used [0x0000000080000000,0x00000000a40abe78,0x00000000a4100000)
 Metaspace       used 73488K, committed 75072K, reserved 1179648K
  class space    used 9141K, committed 9920K, reserved 1048576K
}
Event: 123.546 GC heap before
{Heap before GC invocations=1010 (full 3):
 PSYoungGen      total 3072K, used 2965K [0x00000000d5580000, 0x00000000d5980000, 0x0000000100000000)
  eden space 2560K, 99% used [0x00000000d5580000,0x00000000d57fe598,0x00000000d5800000)
  from space 512K, 80% used [0x00000000d5900000,0x00000000d5966f90,0x00000000d5980000)
  to   space 512K, 0% used [0x00000000d5880000,0x00000000d5880000,0x00000000d5900000)
 ParOldGen       total 594432K, used 593601K [0x0000000080000000, 0x00000000a4480000, 0x00000000d5580000)
  object space 594432K, 99% used [0x0000000080000000,0x00000000a43b0550,0x00000000a4480000)
 Metaspace       used 73490K, committed 75072K, reserved 1179648K
  class space    used 9141K, committed 9920K, reserved 1048576K
}
Event: 123.547 GC heap after
{Heap after GC invocations=1010 (full 3):
 PSYoungGen      total 3072K, used 320K [0x00000000d5580000, 0x00000000d5980000, 0x0000000100000000)
  eden space 2560K, 0% used [0x00000000d5580000,0x00000000d5580000,0x00000000d5800000)
  from space 512K, 62% used [0x00000000d5880000,0x00000000d58d0000,0x00000000d5900000)
  to   space 512K, 0% used [0x00000000d5900000,0x00000000d5900000,0x00000000d5980000)
 ParOldGen       total 594432K, used 593721K [0x0000000080000000, 0x00000000a4480000, 0x00000000d5580000)
  object space 594432K, 99% used [0x0000000080000000,0x00000000a43ce560,0x00000000a4480000)
 Metaspace       used 73490K, committed 75072K, reserved 1179648K
  class space    used 9141K, committed 9920K, reserved 1048576K
}
Event: 123.590 GC heap before
{Heap before GC invocations=1011 (full 3):
 PSYoungGen      total 3072K, used 2880K [0x00000000d5580000, 0x00000000d5980000, 0x0000000100000000)
  eden space 2560K, 100% used [0x00000000d5580000,0x00000000d5800000,0x00000000d5800000)
  from space 512K, 62% used [0x00000000d5880000,0x00000000d58d0000,0x00000000d5900000)
  to   space 512K, 0% used [0x00000000d5900000,0x00000000d5900000,0x00000000d5980000)
 ParOldGen       total 594432K, used 593721K [0x0000000080000000, 0x00000000a4480000, 0x00000000d5580000)
  object space 594432K, 99% used [0x0000000080000000,0x00000000a43ce560,0x00000000a4480000)
 Metaspace       used 73490K, committed 75072K, reserved 1179648K
  class space    used 9141K, committed 9920K, reserved 1048576K
}
Event: 123.593 GC heap after
{Heap after GC invocations=1011 (full 3):
 PSYoungGen      total 3072K, used 288K [0x00000000d5580000, 0x00000000d5980000, 0x0000000100000000)
  eden space 2560K, 0% used [0x00000000d5580000,0x00000000d5580000,0x00000000d5800000)
  from space 512K, 56% used [0x00000000d5900000,0x00000000d5948000,0x00000000d5980000)
  to   space 512K, 0% used [0x00000000d5880000,0x00000000d5880000,0x00000000d5900000)
 ParOldGen       total 594432K, used 593905K [0x0000000080000000, 0x00000000a4480000, 0x00000000d5580000)
  object space 594432K, 99% used [0x0000000080000000,0x00000000a43fc560,0x00000000a4480000)
 Metaspace       used 73490K, committed 75072K, reserved 1179648K
  class space    used 9141K, committed 9920K, reserved 1048576K
}
Event: 123.632 GC heap before
{Heap before GC invocations=1012 (full 3):
 PSYoungGen      total 3072K, used 2848K [0x00000000d5580000, 0x00000000d5980000, 0x0000000100000000)
  eden space 2560K, 100% used [0x00000000d5580000,0x00000000d5800000,0x00000000d5800000)
  from space 512K, 56% used [0x00000000d5900000,0x00000000d5948000,0x00000000d5980000)
  to   space 512K, 0% used [0x00000000d5880000,0x00000000d5880000,0x00000000d5900000)
 ParOldGen       total 594432K, used 593905K [0x0000000080000000, 0x00000000a4480000, 0x00000000d5580000)
  object space 594432K, 99% used [0x0000000080000000,0x00000000a43fc560,0x00000000a4480000)
 Metaspace       used 73492K, committed 75072K, reserved 1179648K
  class space    used 9141K, committed 9920K, reserved 1048576K
}
Event: 123.634 GC heap after
{Heap after GC invocations=1012 (full 3):
 PSYoungGen      total 3072K, used 320K [0x00000000d5580000, 0x00000000d5980000, 0x0000000100000000)
  eden space 2560K, 0% used [0x00000000d5580000,0x00000000d5580000,0x00000000d5800000)
  from space 512K, 62% used [0x00000000d5880000,0x00000000d58d0000,0x00000000d5900000)
  to   space 512K, 0% used [0x00000000d5900000,0x00000000d5900000,0x00000000d5980000)
 ParOldGen       total 594432K, used 594089K [0x0000000080000000, 0x00000000a4480000, 0x00000000d5580000)
  object space 594432K, 99% used [0x0000000080000000,0x00000000a442a560,0x00000000a4480000)
 Metaspace       used 73492K, committed 75072K, reserved 1179648K
  class space    used 9141K, committed 9920K, reserved 1048576K
}
Event: 123.653 GC heap before
{Heap before GC invocations=1013 (full 3):
 PSYoungGen      total 3072K, used 2159K [0x00000000d5580000, 0x00000000d5980000, 0x0000000100000000)
  eden space 2560K, 71% used [0x00000000d5580000,0x00000000d574be10,0x00000000d5800000)
  from space 512K, 62% used [0x00000000d5880000,0x00000000d58d0000,0x00000000d5900000)
  to   space 512K, 0% used [0x00000000d5900000,0x00000000d5900000,0x00000000d5980000)
 ParOldGen       total 594432K, used 594089K [0x0000000080000000, 0x00000000a4480000, 0x00000000d5580000)
  object space 594432K, 99% used [0x0000000080000000,0x00000000a442a560,0x00000000a4480000)
 Metaspace       used 73492K, committed 75072K, reserved 1179648K
  class space    used 9141K, committed 9920K, reserved 1048576K
}
Event: 123.656 GC heap after
{Heap after GC invocations=1013 (full 3):
 PSYoungGen      total 3072K, used 288K [0x00000000d5580000, 0x00000000d5980000, 0x0000000100000000)
  eden space 2560K, 0% used [0x00000000d5580000,0x00000000d5580000,0x00000000d5800000)
  from space 512K, 56% used [0x00000000d5900000,0x00000000d5948000,0x00000000d5980000)
  to   space 512K, 0% used [0x00000000d5880000,0x00000000d5880000,0x00000000d5900000)
 ParOldGen       total 594432K, used 594265K [0x0000000080000000, 0x00000000a4480000, 0x00000000d5580000)
  object space 594432K, 99% used [0x0000000080000000,0x00000000a4456560,0x00000000a4480000)
 Metaspace       used 73492K, committed 75072K, reserved 1179648K
  class space    used 9141K, committed 9920K, reserved 1048576K
}
Event: 123.685 GC heap before
{Heap before GC invocations=1014 (full 3):
 PSYoungGen      total 3072K, used 2848K [0x00000000d5580000, 0x00000000d5980000, 0x0000000100000000)
  eden space 2560K, 100% used [0x00000000d5580000,0x00000000d5800000,0x00000000d5800000)
  from space 512K, 56% used [0x00000000d5900000,0x00000000d5948000,0x00000000d5980000)
  to   space 512K, 0% used [0x00000000d5880000,0x00000000d5880000,0x00000000d5900000)
 ParOldGen       total 594432K, used 594265K [0x0000000080000000, 0x00000000a4480000, 0x00000000d5580000)
  object space 594432K, 99% used [0x0000000080000000,0x00000000a4456560,0x00000000a4480000)
 Metaspace       used 73492K, committed 75072K, reserved 1179648K
  class space    used 9141K, committed 9920K, reserved 1048576K
}
Event: 123.687 GC heap after
{Heap after GC invocations=1014 (full 3):
 PSYoungGen      total 3072K, used 320K [0x00000000d5580000, 0x00000000d5980000, 0x0000000100000000)
  eden space 2560K, 0% used [0x00000000d5580000,0x00000000d5580000,0x00000000d5800000)
  from space 512K, 62% used [0x00000000d5880000,0x00000000d58d0000,0x00000000d5900000)
  to   space 512K, 0% used [0x00000000d5900000,0x00000000d5900000,0x00000000d5980000)
 ParOldGen       total 594432K, used 594385K [0x0000000080000000, 0x00000000a4480000, 0x00000000d5580000)
  object space 594432K, 99% used [0x0000000080000000,0x00000000a4474560,0x00000000a4480000)
 Metaspace       used 73492K, committed 75072K, reserved 1179648K
  class space    used 9141K, committed 9920K, reserved 1048576K
}
Event: 123.711 GC heap before
{Heap before GC invocations=1015 (full 3):
 PSYoungGen      total 3072K, used 2725K [0x00000000d5580000, 0x00000000d5980000, 0x0000000100000000)
  eden space 2560K, 93% used [0x00000000d5580000,0x00000000d57d95a8,0x00000000d5800000)
  from space 512K, 62% used [0x00000000d5880000,0x00000000d58d0000,0x00000000d5900000)
  to   space 512K, 0% used [0x00000000d5900000,0x00000000d5900000,0x00000000d5980000)
 ParOldGen       total 594432K, used 594385K [0x0000000080000000, 0x00000000a4480000, 0x00000000d5580000)
  object space 594432K, 99% used [0x0000000080000000,0x00000000a4474560,0x00000000a4480000)
 Metaspace       used 73492K, committed 75072K, reserved 1179648K
  class space    used 9141K, committed 9920K, reserved 1048576K
}

